[launcher] frontend port 3000 is unavailable. Using 3001.
[launcher] frontend will call API at http://localhost:8000/api/v1
[launcher] starting backend: reuse http://localhost:8000
[launcher] reusing existing backend at http://localhost:8000
[launcher] starting frontend: C:\Program Files\nodejs\npm.CMD run dev -- --port 3001
[frontend] 
[frontend] > frontend@0.1.0 dev
[frontend] > next dev --port 3001
[frontend] 
[frontend] ? Next.js 16.2.7 (Turbopack)
[frontend] - Local:         http://localhost:3001
[frontend] - Network:       http://192.168.29.96:3001
[frontend] - Environments: .env.local
[frontend] ? Ready in 1024ms
[frontend] 
[frontend]  GET / 200 in 3.6s (next.js: 3.3s, application-code: 323ms)
[frontend]  GET / 200 in 213ms (next.js: 20ms, application-code: 193ms)
[frontend]  GET / 200 in 138ms (next.js: 30ms, application-code: 108ms)
[frontend]  GET /signin 200 in 540ms (next.js: 454ms, application-code: 86ms)
[frontend]  GET /terms 200 in 585ms (next.js: 481ms, application-code: 104ms)
